[2022-05-18 13:31:14,734] INFO Reading configuration from: .\config\zookeeper.properties (org.apache.zookeeper.server.quorum.QuorumPeerConfig)
[2022-05-18 13:31:14,752] INFO clientPortAddress is 0.0.0.0:2181 (org.apache.zookeeper.server.quorum.QuorumPeerConfig)
[2022-05-18 13:31:14,753] INFO secureClientPort is not set (org.apache.zookeeper.server.quorum.QuorumPeerConfig)
[2022-05-18 13:31:14,753] INFO observerMasterPort is not set (org.apache.zookeeper.server.quorum.QuorumPeerConfig)
[2022-05-18 13:31:14,754] INFO metricsProvider.className is org.apache.zookeeper.metrics.impl.DefaultMetricsProvider (org.apache.zookeeper.server.quorum.QuorumPeerConfig)
[2022-05-18 13:31:14,756] INFO autopurge.snapRetainCount set to 3 (org.apache.zookeeper.server.DatadirCleanupManager)
[2022-05-18 13:31:14,757] INFO autopurge.purgeInterval set to 0 (org.apache.zookeeper.server.DatadirCleanupManager)
[2022-05-18 13:31:14,757] INFO Purge task is not scheduled. (org.apache.zookeeper.server.DatadirCleanupManager)
[2022-05-18 13:31:14,757] WARN Either no config or no quorum defined in config, running in standalone mode (org.apache.zookeeper.server.quorum.QuorumPeerMain)
[2022-05-18 13:31:14,759] INFO Log4j 1.2 jmx support not found; jmx disabled. (org.apache.zookeeper.jmx.ManagedUtil)
[2022-05-18 13:31:14,760] INFO Reading configuration from: .\config\zookeeper.properties (org.apache.zookeeper.server.quorum.QuorumPeerConfig)
[2022-05-18 13:31:14,762] INFO clientPortAddress is 0.0.0.0:2181 (org.apache.zookeeper.server.quorum.QuorumPeerConfig)
[2022-05-18 13:31:14,762] INFO secureClientPort is not set (org.apache.zookeeper.server.quorum.QuorumPeerConfig)
[2022-05-18 13:31:14,762] INFO observerMasterPort is not set (org.apache.zookeeper.server.quorum.QuorumPeerConfig)
[2022-05-18 13:31:14,763] INFO metricsProvider.className is org.apache.zookeeper.metrics.impl.DefaultMetricsProvider (org.apache.zookeeper.server.quorum.QuorumPeerConfig)
[2022-05-18 13:31:14,763] INFO Starting server (org.apache.zookeeper.server.ZooKeeperServerMain)
[2022-05-18 13:31:14,779] INFO ServerMetrics initialized with provider org.apache.zookeeper.metrics.impl.DefaultMetricsProvider@7219ec67 (org.apache.zookeeper.server.ServerMetrics)
[2022-05-18 13:31:14,783] INFO zookeeper.snapshot.trust.empty : false (org.apache.zookeeper.server.persistence.FileTxnSnapLog)
[2022-05-18 13:31:14,796] INFO  (org.apache.zookeeper.server.ZooKeeperServer)
[2022-05-18 13:31:14,796] INFO   ______                  _                                           (org.apache.zookeeper.server.ZooKeeperServer)
[2022-05-18 13:31:14,797] INFO  |___  /                 | |                                          (org.apache.zookeeper.server.ZooKeeperServer)
[2022-05-18 13:31:14,798] INFO     / /    ___     ___   | | __   ___    ___   _ __     ___   _ __    (org.apache.zookeeper.server.ZooKeeperServer)
[2022-05-18 13:31:14,799] INFO    / /    / _ \   / _ \  | |/ /  / _ \  / _ \ | '_ \   / _ \ | '__| (org.apache.zookeeper.server.ZooKeeperServer)
[2022-05-18 13:31:14,799] INFO   / /__  | (_) | | (_) | |   <  |  __/ |  __/ | |_) | |  __/ | |     (org.apache.zookeeper.server.ZooKeeperServer)
[2022-05-18 13:31:14,800] INFO  /_____|  \___/   \___/  |_|\_\  \___|  \___| | .__/   \___| |_| (org.apache.zookeeper.server.ZooKeeperServer)
[2022-05-18 13:31:14,800] INFO                                               | |                      (org.apache.zookeeper.server.ZooKeeperServer)
[2022-05-18 13:31:14,801] INFO                                               |_|                      (org.apache.zookeeper.server.ZooKeeperServer)
[2022-05-18 13:31:14,801] INFO  (org.apache.zookeeper.server.ZooKeeperServer)
[2022-05-18 13:31:19,329] INFO Server environment:zookeeper.version=3.6.3--6401e4ad2087061bc6b9f80dec2d69f2e3c8660a, built on 04/08/2021 16:35 GMT (org.apache.zookeeper.server.ZooKeeperServer)
[2022-05-18 13:31:19,330] INFO Server environment:host.name=192.168.2.15 (org.apache.zookeeper.server.ZooKeeperServer)
[2022-05-18 13:31:19,333] INFO Server environment:java.version=18.0.1 (org.apache.zookeeper.server.ZooKeeperServer)
[2022-05-18 13:31:19,333] INFO Server environment:java.vendor=Oracle Corporation (org.apache.zookeeper.server.ZooKeeperServer)
[2022-05-18 13:31:19,335] INFO Server environment:java.home=C:\Program Files\Java\jdk-18.0.1 (org.apache.zookeeper.server.ZooKeeperServer)
[2022-05-18 13:31:19,335] INFO Server environment:java.class.path=C:\kafka\libs\activation-1.1.1.jar;C:\kafka\libs\aopalliance-repackaged-2.6.1.jar;C:\kafka\libs\argparse4j-0.7.0.jar;C:\kafka\libs\audience-annotations-0.5.0.jar;C:\kafka\libs\commons-cli-1.4.jar;C:\kafka\libs\commons-lang3-3.8.1.jar;C:\kafka\libs\connect-api-3.1.1.jar;C:\kafka\libs\connect-basic-auth-extension-3.1.1.jar;C:\kafka\libs\connect-file-3.1.1.jar;C:\kafka\libs\connect-json-3.1.1.jar;C:\kafka\libs\connect-mirror-3.1.1.jar;C:\kafka\libs\connect-mirror-client-3.1.1.jar;C:\kafka\libs\connect-runtime-3.1.1.jar;C:\kafka\libs\connect-transforms-3.1.1.jar;C:\kafka\libs\hk2-api-2.6.1.jar;C:\kafka\libs\hk2-locator-2.6.1.jar;C:\kafka\libs\hk2-utils-2.6.1.jar;C:\kafka\libs\jackson-annotations-2.12.6.jar;C:\kafka\libs\jackson-core-2.12.6.jar;C:\kafka\libs\jackson-databind-2.12.6.1.jar;C:\kafka\libs\jackson-dataformat-csv-2.12.6.jar;C:\kafka\libs\jackson-datatype-jdk8-2.12.6.jar;C:\kafka\libs\jackson-jaxrs-base-2.12.6.jar;C:\kafka\libs\jackson-jaxrs-json-provider-2.12.6.jar;C:\kafka\libs\jackson-module-jaxb-annotations-2.12.6.jar;C:\kafka\libs\jackson-module-scala_2.12-2.12.6.jar;C:\kafka\libs\jakarta.activation-api-1.2.1.jar;C:\kafka\libs\jakarta.annotation-api-1.3.5.jar;C:\kafka\libs\jakarta.inject-2.6.1.jar;C:\kafka\libs\jakarta.validation-api-2.0.2.jar;C:\kafka\libs\jakarta.ws.rs-api-2.1.6.jar;C:\kafka\libs\jakarta.xml.bind-api-2.3.2.jar;C:\kafka\libs\javassist-3.27.0-GA.jar;C:\kafka\libs\javax.servlet-api-3.1.0.jar;C:\kafka\libs\javax.ws.rs-api-2.1.1.jar;C:\kafka\libs\jaxb-api-2.3.0.jar;C:\kafka\libs\jersey-client-2.34.jar;C:\kafka\libs\jersey-common-2.34.jar;C:\kafka\libs\jersey-container-servlet-2.34.jar;C:\kafka\libs\jersey-container-servlet-core-2.34.jar;C:\kafka\libs\jersey-hk2-2.34.jar;C:\kafka\libs\jersey-server-2.34.jar;C:\kafka\libs\jetty-client-9.4.44.v20210927.jar;C:\kafka\libs\jetty-continuation-9.4.44.v20210927.jar;C:\kafka\libs\jetty-http-9.4.44.v20210927.jar;C:\kafka\libs\jetty-io-9.4.44.v20210927.jar;C:\kafka\libs\jetty-security-9.4.44.v20210927.jar;C:\kafka\libs\jetty-server-9.4.44.v20210927.jar;C:\kafka\libs\jetty-servlet-9.4.44.v20210927.jar;C:\kafka\libs\jetty-servlets-9.4.44.v20210927.jar;C:\kafka\libs\jetty-util-9.4.44.v20210927.jar;C:\kafka\libs\jetty-util-ajax-9.4.44.v20210927.jar;C:\kafka\libs\jline-3.12.1.jar;C:\kafka\libs\jopt-simple-5.0.4.jar;C:\kafka\libs\jose4j-0.7.8.jar;C:\kafka\libs\kafka-clients-3.1.1.jar;C:\kafka\libs\kafka-log4j-appender-3.1.1.jar;C:\kafka\libs\kafka-metadata-3.1.1.jar;C:\kafka\libs\kafka-raft-3.1.1.jar;C:\kafka\libs\kafka-server-common-3.1.1.jar;C:\kafka\libs\kafka-shell-3.1.1.jar;C:\kafka\libs\kafka-storage-3.1.1.jar;C:\kafka\libs\kafka-storage-api-3.1.1.jar;C:\kafka\libs\kafka-streams-3.1.1.jar;C:\kafka\libs\kafka-streams-examples-3.1.1.jar;C:\kafka\libs\kafka-streams-scala_2.12-3.1.1.jar;C:\kafka\libs\kafka-streams-test-utils-3.1.1.jar;C:\kafka\libs\kafka-tools-3.1.1.jar;C:\kafka\libs\kafka_2.12-3.1.1.jar;C:\kafka\libs\lz4-java-1.8.0.jar;C:\kafka\libs\maven-artifact-3.8.1.jar;C:\kafka\libs\metrics-core-2.2.0.jar;C:\kafka\libs\metrics-core-4.1.12.1.jar;C:\kafka\libs\netty-buffer-4.1.73.Final.jar;C:\kafka\libs\netty-codec-4.1.73.Final.jar;C:\kafka\libs\netty-common-4.1.73.Final.jar;C:\kafka\libs\netty-handler-4.1.73.Final.jar;C:\kafka\libs\netty-resolver-4.1.73.Final.jar;C:\kafka\libs\netty-tcnative-classes-2.0.46.Final.jar;C:\kafka\libs\netty-transport-4.1.73.Final.jar;C:\kafka\libs\netty-transport-classes-epoll-4.1.73.Final.jar;C:\kafka\libs\netty-transport-native-epoll-4.1.73.Final.jar;C:\kafka\libs\netty-transport-native-unix-common-4.1.73.Final.jar;C:\kafka\libs\osgi-resource-locator-1.0.3.jar;C:\kafka\libs\paranamer-2.8.jar;C:\kafka\libs\plexus-utils-3.2.1.jar;C:\kafka\libs\reflections-0.9.12.jar;C:\kafka\libs\reload4j-1.2.19.jar;C:\kafka\libs\rocksdbjni-6.22.1.1.jar;C:\kafka\libs\scala-collection-compat_2.12-2.4.4.jar;C:\kafka\libs\scala-java8-compat_2.12-1.0.0.jar;C:\kafka\libs\scala-library-2.12.14.jar;C:\kafka\libs\scala-logging_2.12-3.9.3.jar;C:\kafka\libs\scala-reflect-2.12.14.jar;C:\kafka\libs\slf4j-api-1.7.36.jar;C:\kafka\libs\slf4j-reload4j-1.7.36.jar;C:\kafka\libs\snappy-java-1.1.8.4.jar;C:\kafka\libs\trogdor-3.1.1.jar;C:\kafka\libs\zookeeper-3.6.3.jar;C:\kafka\libs\zookeeper-jute-3.6.3.jar;C:\kafka\libs\zstd-jni-1.5.0-4.jar (org.apache.zookeeper.server.ZooKeeperServer)
[2022-05-18 13:31:19,337] INFO Server environment:java.library.path=C:\Program Files\Java\jdk-18.0.1\bin;C:\Windows\Sun\Java\bin;C:\Windows\system32;C:\Windows;C:\Program Files\Docker\Docker\Resources\bin;C:\Program Files\Common Files\Oracle\Java\javapath;C:\Program Files\Java\jdk-18.0.1\bin;C:\Windows;C:\Windows\System32\Wbem;C:\Windows\System32\WindowsPowerShell\v1.0\;C:\Windows\System32\OpenSSH\;C:\Program Files\Git\cmd;C:\Program Files (x86)\dotnet\;C:\Users\0B6941649\AppData\Local\Microsoft\WindowsApps;;. (org.apache.zookeeper.server.ZooKeeperServer)
[2022-05-18 13:31:19,338] INFO Server environment:java.io.tmpdir=C:\Users\0B6941~1\AppData\Local\Temp\ (org.apache.zookeeper.server.ZooKeeperServer)
[2022-05-18 13:31:19,338] INFO Server environment:java.compiler=<NA> (org.apache.zookeeper.server.ZooKeeperServer)
[2022-05-18 13:31:19,339] INFO Server environment:os.name=Windows 10 (org.apache.zookeeper.server.ZooKeeperServer)
[2022-05-18 13:31:19,339] INFO Server environment:os.arch=amd64 (org.apache.zookeeper.server.ZooKeeperServer)
[2022-05-18 13:31:19,339] INFO Server environment:os.version=10.0 (org.apache.zookeeper.server.ZooKeeperServer)
[2022-05-18 13:31:19,340] INFO Server environment:user.name=0B6941649 (org.apache.zookeeper.server.ZooKeeperServer)
[2022-05-18 13:31:19,340] INFO Server environment:user.home=C:\Users\0B6941649 (org.apache.zookeeper.server.ZooKeeperServer)
[2022-05-18 13:31:19,341] INFO Server environment:user.dir=C:\kafka (org.apache.zookeeper.server.ZooKeeperServer)
[2022-05-18 13:31:19,341] INFO Server environment:os.memory.free=495MB (org.apache.zookeeper.server.ZooKeeperServer)
[2022-05-18 13:31:19,342] INFO Server environment:os.memory.max=512MB (org.apache.zookeeper.server.ZooKeeperServer)
[2022-05-18 13:31:19,343] INFO Server environment:os.memory.total=512MB (org.apache.zookeeper.server.ZooKeeperServer)
[2022-05-18 13:31:19,344] INFO zookeeper.enableEagerACLCheck = false (org.apache.zookeeper.server.ZooKeeperServer)
[2022-05-18 13:31:19,344] INFO zookeeper.digest.enabled = true (org.apache.zookeeper.server.ZooKeeperServer)
[2022-05-18 13:31:19,345] INFO zookeeper.closeSessionTxn.enabled = true (org.apache.zookeeper.server.ZooKeeperServer)
[2022-05-18 13:31:19,345] INFO zookeeper.flushDelay=0 (org.apache.zookeeper.server.ZooKeeperServer)
[2022-05-18 13:31:19,346] INFO zookeeper.maxWriteQueuePollTime=0 (org.apache.zookeeper.server.ZooKeeperServer)
[2022-05-18 13:31:19,346] INFO zookeeper.maxBatchSize=1000 (org.apache.zookeeper.server.ZooKeeperServer)
[2022-05-18 13:31:19,347] INFO zookeeper.intBufferStartingSizeBytes = 1024 (org.apache.zookeeper.server.ZooKeeperServer)
[2022-05-18 13:31:19,349] INFO Weighed connection throttling is disabled (org.apache.zookeeper.server.BlueThrottle)
[2022-05-18 13:31:19,351] INFO minSessionTimeout set to 6000 (org.apache.zookeeper.server.ZooKeeperServer)
[2022-05-18 13:31:19,354] INFO maxSessionTimeout set to 60000 (org.apache.zookeeper.server.ZooKeeperServer)
[2022-05-18 13:31:19,357] INFO Response cache size is initialized with value 400. (org.apache.zookeeper.server.ResponseCache)
[2022-05-18 13:31:19,358] INFO Response cache size is initialized with value 400. (org.apache.zookeeper.server.ResponseCache)
[2022-05-18 13:31:19,359] INFO zookeeper.pathStats.slotCapacity = 60 (org.apache.zookeeper.server.util.RequestPathMetricsCollector)
[2022-05-18 13:31:19,360] INFO zookeeper.pathStats.slotDuration = 15 (org.apache.zookeeper.server.util.RequestPathMetricsCollector)
[2022-05-18 13:31:19,360] INFO zookeeper.pathStats.maxDepth = 6 (org.apache.zookeeper.server.util.RequestPathMetricsCollector)
[2022-05-18 13:31:19,361] INFO zookeeper.pathStats.initialDelay = 5 (org.apache.zookeeper.server.util.RequestPathMetricsCollector)
[2022-05-18 13:31:19,362] INFO zookeeper.pathStats.delay = 5 (org.apache.zookeeper.server.util.RequestPathMetricsCollector)
[2022-05-18 13:31:19,362] INFO zookeeper.pathStats.enabled = false (org.apache.zookeeper.server.util.RequestPathMetricsCollector)
[2022-05-18 13:31:19,366] INFO The max bytes for all large requests are set to 104857600 (org.apache.zookeeper.server.ZooKeeperServer)
[2022-05-18 13:31:19,369] INFO The large request threshold is set to -1 (org.apache.zookeeper.server.ZooKeeperServer)
[2022-05-18 13:31:19,370] INFO Created server with tickTime 3000 minSessionTimeout 6000 maxSessionTimeout 60000 clientPortListenBacklog -1 datadir C:\kafka\zookeeper\version-2 snapdir C:\kafka\zookeeper\version-2 (org.apache.zookeeper.server.ZooKeeperServer)
[2022-05-18 13:31:19,401] INFO Using org.apache.zookeeper.server.NIOServerCnxnFactory as server connection factory (org.apache.zookeeper.server.ServerCnxnFactory)
[2022-05-18 13:31:19,404] WARN maxCnxns is not configured, using default value 0. (org.apache.zookeeper.server.ServerCnxnFactory)
[2022-05-18 13:31:19,407] INFO Configuring NIO connection handler with 10s sessionless connection timeout, 2 selector thread(s), 16 worker threads, and 64 kB direct buffers. (org.apache.zookeeper.server.NIOServerCnxnFactory)
[2022-05-18 13:31:19,412] INFO binding to port 0.0.0.0/0.0.0.0:2181 (org.apache.zookeeper.server.NIOServerCnxnFactory)
[2022-05-18 13:31:19,433] INFO Using org.apache.zookeeper.server.watch.WatchManager as watch manager (org.apache.zookeeper.server.watch.WatchManagerFactory)
[2022-05-18 13:31:19,435] INFO Using org.apache.zookeeper.server.watch.WatchManager as watch manager (org.apache.zookeeper.server.watch.WatchManagerFactory)
[2022-05-18 13:31:19,438] INFO zookeeper.snapshotSizeFactor = 0.33 (org.apache.zookeeper.server.ZKDatabase)
[2022-05-18 13:31:19,439] INFO zookeeper.commitLogCount=500 (org.apache.zookeeper.server.ZKDatabase)
[2022-05-18 13:31:19,449] INFO zookeeper.snapshot.compression.method = CHECKED (org.apache.zookeeper.server.persistence.SnapStream)
[2022-05-18 13:31:19,454] INFO Reading snapshot C:\kafka\zookeeper\version-2\snapshot.0 (org.apache.zookeeper.server.persistence.FileSnap)
[2022-05-18 13:31:19,462] INFO The digest value is empty in snapshot (org.apache.zookeeper.server.DataTree)
[2022-05-18 13:31:19,467] INFO Snapshot loaded in 25 ms, highest zxid is 0x0, digest is 1371985504 (org.apache.zookeeper.server.ZKDatabase)
[2022-05-18 13:31:19,468] INFO Snapshotting: 0x0 to C:\kafka\zookeeper\version-2\snapshot.0 (org.apache.zookeeper.server.persistence.FileTxnSnapLog)
[2022-05-18 13:31:19,470] INFO Snapshot taken in 2 ms (org.apache.zookeeper.server.ZooKeeperServer)
[2022-05-18 13:31:19,487] INFO PrepRequestProcessor (sid:0) started, reconfigEnabled=false (org.apache.zookeeper.server.PrepRequestProcessor)
[2022-05-18 13:31:19,487] INFO zookeeper.request_throttler.shutdownTimeout = 10000 (org.apache.zookeeper.server.RequestThrottler)
[2022-05-18 13:31:19,510] INFO Using checkIntervalMs=60000 maxPerMinute=10000 maxNeverUsedIntervalMs=0 (org.apache.zookeeper.server.ContainerManager)
[2022-05-18 13:31:19,512] INFO ZooKeeper audit is disabled. (org.apache.zookeeper.audit.ZKAuditProvider)
[2022-05-18 13:43:40,432] INFO Reading configuration from: .\config\zookeeper.properties (org.apache.zookeeper.server.quorum.QuorumPeerConfig)
[2022-05-18 13:43:40,435] WARN C:=kafkazookeeper is relative. Prepend .\ to indicate that you're sure! (org.apache.zookeeper.server.quorum.QuorumPeerConfig)
[2022-05-18 13:43:40,436] INFO clientPortAddress is 0.0.0.0:2181 (org.apache.zookeeper.server.quorum.QuorumPeerConfig)
[2022-05-18 13:43:40,436] INFO secureClientPort is not set (org.apache.zookeeper.server.quorum.QuorumPeerConfig)
[2022-05-18 13:43:40,436] INFO observerMasterPort is not set (org.apache.zookeeper.server.quorum.QuorumPeerConfig)
[2022-05-18 13:43:40,437] INFO metricsProvider.className is org.apache.zookeeper.metrics.impl.DefaultMetricsProvider (org.apache.zookeeper.server.quorum.QuorumPeerConfig)
[2022-05-18 13:43:40,438] INFO autopurge.snapRetainCount set to 3 (org.apache.zookeeper.server.DatadirCleanupManager)
[2022-05-18 13:43:40,438] INFO autopurge.purgeInterval set to 0 (org.apache.zookeeper.server.DatadirCleanupManager)
[2022-05-18 13:43:40,438] INFO Purge task is not scheduled. (org.apache.zookeeper.server.DatadirCleanupManager)
[2022-05-18 13:43:40,438] WARN Either no config or no quorum defined in config, running in standalone mode (org.apache.zookeeper.server.quorum.QuorumPeerMain)
[2022-05-18 13:43:40,439] INFO Log4j 1.2 jmx support not found; jmx disabled. (org.apache.zookeeper.jmx.ManagedUtil)
[2022-05-18 13:43:40,440] INFO Reading configuration from: .\config\zookeeper.properties (org.apache.zookeeper.server.quorum.QuorumPeerConfig)
[2022-05-18 13:43:40,440] WARN C:=kafkazookeeper is relative. Prepend .\ to indicate that you're sure! (org.apache.zookeeper.server.quorum.QuorumPeerConfig)
[2022-05-18 13:43:40,440] INFO clientPortAddress is 0.0.0.0:2181 (org.apache.zookeeper.server.quorum.QuorumPeerConfig)
[2022-05-18 13:43:40,441] INFO secureClientPort is not set (org.apache.zookeeper.server.quorum.QuorumPeerConfig)
[2022-05-18 13:43:40,441] INFO observerMasterPort is not set (org.apache.zookeeper.server.quorum.QuorumPeerConfig)
[2022-05-18 13:43:40,441] INFO metricsProvider.className is org.apache.zookeeper.metrics.impl.DefaultMetricsProvider (org.apache.zookeeper.server.quorum.QuorumPeerConfig)
[2022-05-18 13:43:40,441] INFO Starting server (org.apache.zookeeper.server.ZooKeeperServerMain)
[2022-05-18 13:43:40,454] INFO ServerMetrics initialized with provider org.apache.zookeeper.metrics.impl.DefaultMetricsProvider@7b227d8d (org.apache.zookeeper.server.ServerMetrics)
[2022-05-18 13:43:40,457] INFO zookeeper.snapshot.trust.empty : false (org.apache.zookeeper.server.persistence.FileTxnSnapLog)
[2022-05-18 13:43:40,464] INFO  (org.apache.zookeeper.server.ZooKeeperServer)
[2022-05-18 13:43:40,464] INFO   ______                  _                                           (org.apache.zookeeper.server.ZooKeeperServer)
[2022-05-18 13:43:40,464] INFO  |___  /                 | |                                          (org.apache.zookeeper.server.ZooKeeperServer)
[2022-05-18 13:43:40,465] INFO     / /    ___     ___   | | __   ___    ___   _ __     ___   _ __    (org.apache.zookeeper.server.ZooKeeperServer)
[2022-05-18 13:43:40,465] INFO    / /    / _ \   / _ \  | |/ /  / _ \  / _ \ | '_ \   / _ \ | '__| (org.apache.zookeeper.server.ZooKeeperServer)
[2022-05-18 13:43:40,465] INFO   / /__  | (_) | | (_) | |   <  |  __/ |  __/ | |_) | |  __/ | |     (org.apache.zookeeper.server.ZooKeeperServer)
[2022-05-18 13:43:40,465] INFO  /_____|  \___/   \___/  |_|\_\  \___|  \___| | .__/   \___| |_| (org.apache.zookeeper.server.ZooKeeperServer)
[2022-05-18 13:43:40,465] INFO                                               | |                      (org.apache.zookeeper.server.ZooKeeperServer)
[2022-05-18 13:43:40,466] INFO                                               |_|                      (org.apache.zookeeper.server.ZooKeeperServer)
[2022-05-18 13:43:40,466] INFO  (org.apache.zookeeper.server.ZooKeeperServer)
[2022-05-18 13:43:45,008] INFO Server environment:zookeeper.version=3.6.3--6401e4ad2087061bc6b9f80dec2d69f2e3c8660a, built on 04/08/2021 16:35 GMT (org.apache.zookeeper.server.ZooKeeperServer)
[2022-05-18 13:43:45,009] INFO Server environment:host.name=192.168.2.15 (org.apache.zookeeper.server.ZooKeeperServer)
[2022-05-18 13:43:45,010] INFO Server environment:java.version=18.0.1 (org.apache.zookeeper.server.ZooKeeperServer)
[2022-05-18 13:43:45,010] INFO Server environment:java.vendor=Oracle Corporation (org.apache.zookeeper.server.ZooKeeperServer)
[2022-05-18 13:43:45,010] INFO Server environment:java.home=C:\Program Files\Java\jdk-18.0.1 (org.apache.zookeeper.server.ZooKeeperServer)
[2022-05-18 13:43:45,010] INFO Server environment:java.class.path=C:\kafka\libs\activation-1.1.1.jar;C:\kafka\libs\aopalliance-repackaged-2.6.1.jar;C:\kafka\libs\argparse4j-0.7.0.jar;C:\kafka\libs\audience-annotations-0.5.0.jar;C:\kafka\libs\commons-cli-1.4.jar;C:\kafka\libs\commons-lang3-3.8.1.jar;C:\kafka\libs\connect-api-3.1.1.jar;C:\kafka\libs\connect-basic-auth-extension-3.1.1.jar;C:\kafka\libs\connect-file-3.1.1.jar;C:\kafka\libs\connect-json-3.1.1.jar;C:\kafka\libs\connect-mirror-3.1.1.jar;C:\kafka\libs\connect-mirror-client-3.1.1.jar;C:\kafka\libs\connect-runtime-3.1.1.jar;C:\kafka\libs\connect-transforms-3.1.1.jar;C:\kafka\libs\hk2-api-2.6.1.jar;C:\kafka\libs\hk2-locator-2.6.1.jar;C:\kafka\libs\hk2-utils-2.6.1.jar;C:\kafka\libs\jackson-annotations-2.12.6.jar;C:\kafka\libs\jackson-core-2.12.6.jar;C:\kafka\libs\jackson-databind-2.12.6.1.jar;C:\kafka\libs\jackson-dataformat-csv-2.12.6.jar;C:\kafka\libs\jackson-datatype-jdk8-2.12.6.jar;C:\kafka\libs\jackson-jaxrs-base-2.12.6.jar;C:\kafka\libs\jackson-jaxrs-json-provider-2.12.6.jar;C:\kafka\libs\jackson-module-jaxb-annotations-2.12.6.jar;C:\kafka\libs\jackson-module-scala_2.12-2.12.6.jar;C:\kafka\libs\jakarta.activation-api-1.2.1.jar;C:\kafka\libs\jakarta.annotation-api-1.3.5.jar;C:\kafka\libs\jakarta.inject-2.6.1.jar;C:\kafka\libs\jakarta.validation-api-2.0.2.jar;C:\kafka\libs\jakarta.ws.rs-api-2.1.6.jar;C:\kafka\libs\jakarta.xml.bind-api-2.3.2.jar;C:\kafka\libs\javassist-3.27.0-GA.jar;C:\kafka\libs\javax.servlet-api-3.1.0.jar;C:\kafka\libs\javax.ws.rs-api-2.1.1.jar;C:\kafka\libs\jaxb-api-2.3.0.jar;C:\kafka\libs\jersey-client-2.34.jar;C:\kafka\libs\jersey-common-2.34.jar;C:\kafka\libs\jersey-container-servlet-2.34.jar;C:\kafka\libs\jersey-container-servlet-core-2.34.jar;C:\kafka\libs\jersey-hk2-2.34.jar;C:\kafka\libs\jersey-server-2.34.jar;C:\kafka\libs\jetty-client-9.4.44.v20210927.jar;C:\kafka\libs\jetty-continuation-9.4.44.v20210927.jar;C:\kafka\libs\jetty-http-9.4.44.v20210927.jar;C:\kafka\libs\jetty-io-9.4.44.v20210927.jar;C:\kafka\libs\jetty-security-9.4.44.v20210927.jar;C:\kafka\libs\jetty-server-9.4.44.v20210927.jar;C:\kafka\libs\jetty-servlet-9.4.44.v20210927.jar;C:\kafka\libs\jetty-servlets-9.4.44.v20210927.jar;C:\kafka\libs\jetty-util-9.4.44.v20210927.jar;C:\kafka\libs\jetty-util-ajax-9.4.44.v20210927.jar;C:\kafka\libs\jline-3.12.1.jar;C:\kafka\libs\jopt-simple-5.0.4.jar;C:\kafka\libs\jose4j-0.7.8.jar;C:\kafka\libs\kafka-clients-3.1.1.jar;C:\kafka\libs\kafka-log4j-appender-3.1.1.jar;C:\kafka\libs\kafka-metadata-3.1.1.jar;C:\kafka\libs\kafka-raft-3.1.1.jar;C:\kafka\libs\kafka-server-common-3.1.1.jar;C:\kafka\libs\kafka-shell-3.1.1.jar;C:\kafka\libs\kafka-storage-3.1.1.jar;C:\kafka\libs\kafka-storage-api-3.1.1.jar;C:\kafka\libs\kafka-streams-3.1.1.jar;C:\kafka\libs\kafka-streams-examples-3.1.1.jar;C:\kafka\libs\kafka-streams-scala_2.12-3.1.1.jar;C:\kafka\libs\kafka-streams-test-utils-3.1.1.jar;C:\kafka\libs\kafka-tools-3.1.1.jar;C:\kafka\libs\kafka_2.12-3.1.1.jar;C:\kafka\libs\lz4-java-1.8.0.jar;C:\kafka\libs\maven-artifact-3.8.1.jar;C:\kafka\libs\metrics-core-2.2.0.jar;C:\kafka\libs\metrics-core-4.1.12.1.jar;C:\kafka\libs\netty-buffer-4.1.73.Final.jar;C:\kafka\libs\netty-codec-4.1.73.Final.jar;C:\kafka\libs\netty-common-4.1.73.Final.jar;C:\kafka\libs\netty-handler-4.1.73.Final.jar;C:\kafka\libs\netty-resolver-4.1.73.Final.jar;C:\kafka\libs\netty-tcnative-classes-2.0.46.Final.jar;C:\kafka\libs\netty-transport-4.1.73.Final.jar;C:\kafka\libs\netty-transport-classes-epoll-4.1.73.Final.jar;C:\kafka\libs\netty-transport-native-epoll-4.1.73.Final.jar;C:\kafka\libs\netty-transport-native-unix-common-4.1.73.Final.jar;C:\kafka\libs\osgi-resource-locator-1.0.3.jar;C:\kafka\libs\paranamer-2.8.jar;C:\kafka\libs\plexus-utils-3.2.1.jar;C:\kafka\libs\reflections-0.9.12.jar;C:\kafka\libs\reload4j-1.2.19.jar;C:\kafka\libs\rocksdbjni-6.22.1.1.jar;C:\kafka\libs\scala-collection-compat_2.12-2.4.4.jar;C:\kafka\libs\scala-java8-compat_2.12-1.0.0.jar;C:\kafka\libs\scala-library-2.12.14.jar;C:\kafka\libs\scala-logging_2.12-3.9.3.jar;C:\kafka\libs\scala-reflect-2.12.14.jar;C:\kafka\libs\slf4j-api-1.7.36.jar;C:\kafka\libs\slf4j-reload4j-1.7.36.jar;C:\kafka\libs\snappy-java-1.1.8.4.jar;C:\kafka\libs\trogdor-3.1.1.jar;C:\kafka\libs\zookeeper-3.6.3.jar;C:\kafka\libs\zookeeper-jute-3.6.3.jar;C:\kafka\libs\zstd-jni-1.5.0-4.jar (org.apache.zookeeper.server.ZooKeeperServer)
[2022-05-18 13:43:45,011] INFO Server environment:java.library.path=C:\Program Files\Java\jdk-18.0.1\bin;C:\Windows\Sun\Java\bin;C:\Windows\system32;C:\Windows;C:\Program Files\Docker\Docker\Resources\bin;C:\Program Files\Common Files\Oracle\Java\javapath;C:\Program Files\Java\jdk-18.0.1\bin;C:\Windows;C:\Windows\System32\Wbem;C:\Windows\System32\WindowsPowerShell\v1.0\;C:\Windows\System32\OpenSSH\;C:\Program Files\Git\cmd;C:\Program Files (x86)\dotnet\;C:\Users\0B6941649\AppData\Local\Microsoft\WindowsApps;;. (org.apache.zookeeper.server.ZooKeeperServer)
[2022-05-18 13:43:45,012] INFO Server environment:java.io.tmpdir=C:\Users\0B6941~1\AppData\Local\Temp\ (org.apache.zookeeper.server.ZooKeeperServer)
[2022-05-18 13:43:45,013] INFO Server environment:java.compiler=<NA> (org.apache.zookeeper.server.ZooKeeperServer)
[2022-05-18 13:43:45,013] INFO Server environment:os.name=Windows 10 (org.apache.zookeeper.server.ZooKeeperServer)
[2022-05-18 13:43:45,016] INFO Server environment:os.arch=amd64 (org.apache.zookeeper.server.ZooKeeperServer)
[2022-05-18 13:43:45,018] INFO Server environment:os.version=10.0 (org.apache.zookeeper.server.ZooKeeperServer)
[2022-05-18 13:43:45,019] INFO Server environment:user.name=0B6941649 (org.apache.zookeeper.server.ZooKeeperServer)
[2022-05-18 13:43:45,020] INFO Server environment:user.home=C:\Users\0B6941649 (org.apache.zookeeper.server.ZooKeeperServer)
[2022-05-18 13:43:45,021] INFO Server environment:user.dir=C:\kafka (org.apache.zookeeper.server.ZooKeeperServer)
[2022-05-18 13:43:45,021] INFO Server environment:os.memory.free=495MB (org.apache.zookeeper.server.ZooKeeperServer)
[2022-05-18 13:43:45,021] INFO Server environment:os.memory.max=512MB (org.apache.zookeeper.server.ZooKeeperServer)
[2022-05-18 13:43:45,021] INFO Server environment:os.memory.total=512MB (org.apache.zookeeper.server.ZooKeeperServer)
[2022-05-18 13:43:45,022] INFO zookeeper.enableEagerACLCheck = false (org.apache.zookeeper.server.ZooKeeperServer)
[2022-05-18 13:43:45,023] INFO zookeeper.digest.enabled = true (org.apache.zookeeper.server.ZooKeeperServer)
[2022-05-18 13:43:45,023] INFO zookeeper.closeSessionTxn.enabled = true (org.apache.zookeeper.server.ZooKeeperServer)
[2022-05-18 13:43:45,023] INFO zookeeper.flushDelay=0 (org.apache.zookeeper.server.ZooKeeperServer)
[2022-05-18 13:43:45,024] INFO zookeeper.maxWriteQueuePollTime=0 (org.apache.zookeeper.server.ZooKeeperServer)
[2022-05-18 13:43:45,026] INFO zookeeper.maxBatchSize=1000 (org.apache.zookeeper.server.ZooKeeperServer)
[2022-05-18 13:43:45,028] INFO zookeeper.intBufferStartingSizeBytes = 1024 (org.apache.zookeeper.server.ZooKeeperServer)
[2022-05-18 13:43:45,030] INFO Weighed connection throttling is disabled (org.apache.zookeeper.server.BlueThrottle)
[2022-05-18 13:43:45,034] INFO minSessionTimeout set to 6000 (org.apache.zookeeper.server.ZooKeeperServer)
[2022-05-18 13:43:45,034] INFO maxSessionTimeout set to 60000 (org.apache.zookeeper.server.ZooKeeperServer)
[2022-05-18 13:43:45,035] INFO Response cache size is initialized with value 400. (org.apache.zookeeper.server.ResponseCache)
[2022-05-18 13:43:45,035] INFO Response cache size is initialized with value 400. (org.apache.zookeeper.server.ResponseCache)
[2022-05-18 13:43:45,036] INFO zookeeper.pathStats.slotCapacity = 60 (org.apache.zookeeper.server.util.RequestPathMetricsCollector)
[2022-05-18 13:43:45,036] INFO zookeeper.pathStats.slotDuration = 15 (org.apache.zookeeper.server.util.RequestPathMetricsCollector)
[2022-05-18 13:43:45,036] INFO zookeeper.pathStats.maxDepth = 6 (org.apache.zookeeper.server.util.RequestPathMetricsCollector)
[2022-05-18 13:43:45,037] INFO zookeeper.pathStats.initialDelay = 5 (org.apache.zookeeper.server.util.RequestPathMetricsCollector)
[2022-05-18 13:43:45,037] INFO zookeeper.pathStats.delay = 5 (org.apache.zookeeper.server.util.RequestPathMetricsCollector)
[2022-05-18 13:43:45,037] INFO zookeeper.pathStats.enabled = false (org.apache.zookeeper.server.util.RequestPathMetricsCollector)
[2022-05-18 13:43:45,039] INFO The max bytes for all large requests are set to 104857600 (org.apache.zookeeper.server.ZooKeeperServer)
[2022-05-18 13:43:45,040] INFO The large request threshold is set to -1 (org.apache.zookeeper.server.ZooKeeperServer)
[2022-05-18 13:43:45,040] INFO Created server with tickTime 3000 minSessionTimeout 6000 maxSessionTimeout 60000 clientPortListenBacklog -1 datadir C:=kafkazookeeper\version-2 snapdir C:=kafkazookeeper\version-2 (org.apache.zookeeper.server.ZooKeeperServer)
[2022-05-18 13:43:45,055] INFO Using org.apache.zookeeper.server.NIOServerCnxnFactory as server connection factory (org.apache.zookeeper.server.ServerCnxnFactory)
[2022-05-18 13:43:45,056] WARN maxCnxns is not configured, using default value 0. (org.apache.zookeeper.server.ServerCnxnFactory)
[2022-05-18 13:43:45,059] INFO Configuring NIO connection handler with 10s sessionless connection timeout, 2 selector thread(s), 16 worker threads, and 64 kB direct buffers. (org.apache.zookeeper.server.NIOServerCnxnFactory)
[2022-05-18 13:43:45,066] INFO binding to port 0.0.0.0/0.0.0.0:2181 (org.apache.zookeeper.server.NIOServerCnxnFactory)
[2022-05-18 13:43:45,081] INFO Using org.apache.zookeeper.server.watch.WatchManager as watch manager (org.apache.zookeeper.server.watch.WatchManagerFactory)
[2022-05-18 13:43:45,081] INFO Using org.apache.zookeeper.server.watch.WatchManager as watch manager (org.apache.zookeeper.server.watch.WatchManagerFactory)
[2022-05-18 13:43:45,085] INFO zookeeper.snapshotSizeFactor = 0.33 (org.apache.zookeeper.server.ZKDatabase)
[2022-05-18 13:43:45,087] INFO zookeeper.commitLogCount=500 (org.apache.zookeeper.server.ZKDatabase)
[2022-05-18 13:43:45,094] INFO zookeeper.snapshot.compression.method = CHECKED (org.apache.zookeeper.server.persistence.SnapStream)
[2022-05-18 13:43:45,094] INFO Snapshotting: 0x0 to C:=kafkazookeeper\version-2\snapshot.0 (org.apache.zookeeper.server.persistence.FileTxnSnapLog)
[2022-05-18 13:43:45,100] INFO Snapshot loaded in 13 ms, highest zxid is 0x0, digest is 1371985504 (org.apache.zookeeper.server.ZKDatabase)
[2022-05-18 13:43:45,101] INFO Snapshotting: 0x0 to C:=kafkazookeeper\version-2\snapshot.0 (org.apache.zookeeper.server.persistence.FileTxnSnapLog)
[2022-05-18 13:43:45,101] INFO Snapshot taken in 1 ms (org.apache.zookeeper.server.ZooKeeperServer)
[2022-05-18 13:43:45,111] INFO zookeeper.request_throttler.shutdownTimeout = 10000 (org.apache.zookeeper.server.RequestThrottler)
[2022-05-18 13:43:45,111] INFO PrepRequestProcessor (sid:0) started, reconfigEnabled=false (org.apache.zookeeper.server.PrepRequestProcessor)
[2022-05-18 13:43:45,136] INFO Using checkIntervalMs=60000 maxPerMinute=10000 maxNeverUsedIntervalMs=0 (org.apache.zookeeper.server.ContainerManager)
[2022-05-18 13:43:45,137] INFO ZooKeeper audit is disabled. (org.apache.zookeeper.audit.ZKAuditProvider)
